Using pre-set license

 COMMAND LINE ARGUMENTS:
/Applications/Unity/Unity.app/Contents/MacOS/Unity
-adb2
-batchMode
-noUpm
-name
AssetImportWorker0
-projectPath
/Users/mehmetpekcan/Desktop/Unity/awayfromcity
-logFile
Logs/AssetImportWorker0.log
-srvPort
62996
Successfully changed project path to: /Users/mehmetpekcan/Desktop/Unity/awayfromcity
/Users/mehmetpekcan/Desktop/Unity/awayfromcity
Using Asset Import Pipeline V2.
Refreshing native plugins compatible for Editor in 26.98 ms, found 1 plugins.
Preloading 0 native plugins for Editor in 0.00 ms.
Initialize engine version: 2020.2.7f1 (c53830e277f1)
[Subsystems] Discovering subsystems at path /Applications/Unity/Unity.app/Contents/Resources/UnitySubsystems
[Subsystems] Discovering subsystems at path /Users/mehmetpekcan/Desktop/Unity/awayfromcity/Assets
GfxDevice: creating device client; threaded=0
2021-04-18 12:45:14.142 Unity[88343:2978605] Color LCD preferred device: Intel(R) Iris(TM) Plus Graphics (low power)
2021-04-18 12:45:14.143 Unity[88343:2978605] Metal devices available: 1
2021-04-18 12:45:14.143 Unity[88343:2978605] 0: Intel(R) Iris(TM) Plus Graphics (low power)
2021-04-18 12:45:14.143 Unity[88343:2978605] Using device Intel(R) Iris(TM) Plus Graphics (low power)
Initializing Metal device caps: Intel(R) Iris(TM) Plus Graphics
Initialize mono
Mono path[0] = '/Applications/Unity/Unity.app/Contents/Managed'
Mono path[1] = '/Applications/Unity/Unity.app/Contents/MonoBleedingEdge/lib/mono/unityjit'
Mono config path = '/Applications/Unity/Unity.app/Contents/MonoBleedingEdge/etc'
Using monoOptions --debugger-agent=transport=dt_socket,embedding=1,server=y,suspend=n,address=127.0.0.1:56343
Begin MonoManager ReloadAssembly
Error scanning for extension ivy.xml files: System.UnauthorizedAccessException: Access to the path '/Applications/Unity/PlaybackEngines/WebGLSupport/BuildTools/Emscripten_Mac/node' is denied.
  at System.IO.__Error.WinIOError (System.Int32 errorCode, System.String maybeFullPath) [0x00129] in <eae584ce26bc40229c1b1aa476bfa589>:0 
  at System.IO.FileSystemEnumerableIterator`1[TSource].HandleError (System.Int32 hr, System.String path) [0x00006] in <eae584ce26bc40229c1b1aa476bfa589>:0 
  at System.IO.FileSystemEnumerableIterator`1[TSource].AddSearchableDirsToStack (System.IO.Directory+SearchData localSearchData) [0x00053] in <eae584ce26bc40229c1b1aa476bfa589>:0 
  at System.IO.FileSystemEnumerableIterator`1[TSource].MoveNext () [0x0008e] in <eae584ce26bc40229c1b1aa476bfa589>:0 
  at System.Collections.Generic.List`1[T]..ctor (System.Collections.Generic.IEnumerable`1[T] collection) [0x00077] in <eae584ce26bc40229c1b1aa476bfa589>:0 
  at System.IO.Directory.InternalGetFileDirectoryNames (System.String path, System.String userPathOriginal, System.String searchPattern, System.Boolean includeFiles, System.Boolean includeDirs, System.IO.SearchOption searchOption, System.Boolean checkHost) [0x0000f] in <eae584ce26bc40229c1b1aa476bfa589>:0 
  at System.IO.Directory.InternalGetFiles (System.String path, System.String searchPattern, System.IO.SearchOption searchOption) [0x00000] in <eae584ce26bc40229c1b1aa476bfa589>:0 
  at System.IO.Directory.GetFiles (System.String path, System.String searchPattern, System.IO.SearchOption searchOption) [0x00038] in <eae584ce26bc40229c1b1aa476bfa589>:0 
  at UnityEditor.Modules.ModuleManager.LoadLegacyExtensionsFromIvyFiles () [0x000a5] in /Users/bokken/buildslave/unity/build/Editor/Mono/Modules/ModuleManager.cs:253 
Registering precompiled unity dll's ...
Register platform support module: /Applications/Unity/PlaybackEngines/WebGLSupport/UnityEditor.WebGL.Extensions.dll
Register platform support module: /Applications/Unity/Unity.app/Contents/PlaybackEngines/MacStandaloneSupport/UnityEditor.OSXStandalone.Extensions.dll
Register platform support module: /Applications/Unity/PlaybackEngines/WindowsStandaloneSupport/UnityEditor.WindowsStandalone.Extensions.dll
Registered in 0.000986 seconds.
Native extension for WindowsStandalone target not found
Native extension for OSXStandalone target not found
Native extension for WebGL target not found
Refreshing native plugins compatible for Editor in 23.61 ms, found 1 plugins.
Preloading 0 native plugins for Editor in 0.00 ms.
Invoked RoslynAnalysisRunner static constructor.
RoslynAnalysisRunner will not be running.
RoslynAnalysisRunner has terminated.
Mono: successfully reloaded assembly
- Completed reload, in  2.367 seconds
Platform modules already initialized, skipping
Registering precompiled user dll's ...
Registered in 0.000543 seconds.
Begin MonoManager ReloadAssembly
Native extension for WindowsStandalone target not found
Native extension for OSXStandalone target not found
Native extension for WebGL target not found
Refreshing native plugins compatible for Editor in 0.18 ms, found 1 plugins.
Preloading 0 native plugins for Editor in 0.00 ms.
Invoked RoslynAnalysisRunner static constructor.
RoslynAnalysisRunner will not be running.
RoslynAnalysisRunner has terminated.
Mono: successfully reloaded assembly
- Completed reload, in  1.201 seconds
Platform modules already initialized, skipping
========================================================================
Worker process is ready to serve import requests
Launching external process: /Applications/Unity/Unity.app/Contents/Tools/UnityShaderCompiler
Launched and connected shader compiler UnityShaderCompiler after 0.01 seconds
Refreshing native plugins compatible for Editor in 0.22 ms, found 1 plugins.
Preloading 0 native plugins for Editor in 0.00 ms.
Unloading 1113 Unused Serialized files (Serialized files now loaded: 0)
System memory in use before: 107.9 MB.
System memory in use after: 107.9 MB.

Unloading 10 unused Assets to reduce memory usage. Loaded Objects now: 1555.
Total: 2.654132 ms (FindLiveObjects: 0.251031 ms CreateObjectMapping: 0.092162 ms MarkObjects: 2.184705 ms  DeleteObjects: 0.122336 ms)

========================================================================
Received Import Request.
  path: Assets/UIs
  artifactKey: Guid(aba9c0bee2b9048cd817bf628646e232) Importer(815301076,1909f56bfc062723c751e8b465ee728b)
Start importing Assets/UIs using Guid(aba9c0bee2b9048cd817bf628646e232) Importer(815301076,1909f56bfc062723c751e8b465ee728b)  -> (artifact id: '6e461e2fb1fd70e286e1be3c829ebad9') in 0.004766 seconds
  Import took 0.008410 seconds .

========================================================================
Received Import Request.
  Time since last request: 5.679859 seconds.
  path: Assets/GameObjects
  artifactKey: Guid(6868b136e00194525b5d003c776b18dc) Importer(815301076,1909f56bfc062723c751e8b465ee728b)
Start importing Assets/GameObjects using Guid(6868b136e00194525b5d003c776b18dc) Importer(815301076,1909f56bfc062723c751e8b465ee728b)  -> (artifact id: '83efc4c346aeb5159b5073cf1ff8efeb') in 0.002372 seconds
  Import took 0.006810 seconds .

========================================================================
Received Import Request.
  Time since last request: 10.948085 seconds.
  path: Assets/GameObjects/Player
  artifactKey: Guid(7287e0e016c8649e7a8fb4b2b27a9fb4) Importer(815301076,1909f56bfc062723c751e8b465ee728b)
Start importing Assets/GameObjects/Player using Guid(7287e0e016c8649e7a8fb4b2b27a9fb4) Importer(815301076,1909f56bfc062723c751e8b465ee728b)  -> (artifact id: 'cfef4d0fac59506e51a7eff8ac950df1') in 0.002992 seconds
  Import took 0.009023 seconds .

========================================================================
Received Import Request.
  Time since last request: 15.820732 seconds.
  path: Assets/GameObjects/Enemies
  artifactKey: Guid(d1e1ee78337034baf8ccbd73723c60bc) Importer(815301076,1909f56bfc062723c751e8b465ee728b)
Start importing Assets/GameObjects/Enemies using Guid(d1e1ee78337034baf8ccbd73723c60bc) Importer(815301076,1909f56bfc062723c751e8b465ee728b)  -> (artifact id: 'fb3dd788809455e0af96061f9794236d') in 0.001642 seconds
  Import took 0.003903 seconds .

========================================================================
Received Import Request.
  Time since last request: 4.798989 seconds.
  path: Assets/GameObjects/NPCs
  artifactKey: Guid(c1281e72b8a3c461484505b967ba3ae3) Importer(815301076,1909f56bfc062723c751e8b465ee728b)
Start importing Assets/GameObjects/NPCs using Guid(c1281e72b8a3c461484505b967ba3ae3) Importer(815301076,1909f56bfc062723c751e8b465ee728b)  -> (artifact id: '47568fa4b4126c3d4b80658d20044f06') in 0.001828 seconds
  Import took 0.004056 seconds .

